<?xml version="1.0" encoding="UTF-8"?>
<!-- Generated by org.testng.reporters.JUnitXMLReporter -->
<testsuite ignored="0" hostname="DESKTOP-ABOACJP" failures="0" tests="3" name="Default test" time="65.009" errors="0" timestamp="2024-05-17T15:39:14 IST">
  <testcase classname="Practice.Tests.SubmitOrderTest" name="submitOrder" time="17.338"/>
  <testcase classname="Practice.Tests.SubmitOrderTest" name="submitOrder" time="15.503"/>
  <testcase classname="Practice.Tests.SubmitOrderTest" name="OrderHistoryTest" time="1.482"/>
</testsuite> <!-- Default test -->
