<?xml version="1.0" encoding="UTF-8"?>
<!-- Generated by org.testng.reporters.JUnitXMLReporter -->
<testsuite ignored="0" hostname="DESKTOP-ABOACJP" failures="1" tests="2" name="Error Validations Test" time="26.927" errors="0" timestamp="2024-05-17T15:40:55 IST">
  <testcase classname="Practice.Tests.ErrorValidationsTest" name="LoginErrorValidation" time="1.044">
    <failure type="java.lang.AssertionError" message="expected [Incorrect email or password.] but found [Incorrect email or password]">
      <![CDATA[java.lang.AssertionError: expected [Incorrect email or password.] but found [Incorrect email or password]
at Practice.Tests.ErrorValidationsTest.LoginErrorValidation(ErrorValidationsTest.java:23)
at java.base/java.util.ArrayList.forEach(ArrayList.java:1511)
... Removed 33 stack frames]]>
    </failure>
  </testcase> <!-- LoginErrorValidation -->
  <testcase classname="Practice.Tests.ErrorValidationsTest" name="ProductErrorValidation" time="13.97"/>
</testsuite> <!-- Error Validations Test -->
