<?xml version="1.0" encoding="UTF-8"?>
<!-- Generated by org.testng.reporters.JUnitXMLReporter -->
<testsuite ignored="0" hostname="DESKTOP-ABOACJP" failures="0" tests="3" name="Submit Order Test" time="53.242" errors="0" timestamp="2024-05-17T15:40:28 IST">
  <testcase classname="Practice.Tests.SubmitOrderTest" name="submitOrder" time="14.972"/>
  <testcase classname="Practice.Tests.SubmitOrderTest" name="submitOrder" time="15.029"/>
  <testcase classname="Practice.Tests.SubmitOrderTest" name="OrderHistoryTest" time="0.906"/>
</testsuite> <!-- Submit Order Test -->
